MPlayer dev-SVN-r29170mplayer: could not connect to socket
mplayer: No such file or directory
Failed to open LIRC support. You will not be able to use your remote control.

Playing tv://.
Cache fill:  0.00% (0 bytes)   
TV file format detected.
Selected driver: v4l2
 name: Video 4 Linux 2 input
 author: Martin Olschewski <olschewski@zpr.uni-koeln.de>
 comment: first try, more to come ;-)
Selected device: PC Camera
 Capabilites:  video capture  read/write  streaming
 supported norms:
 inputs: 0 = zc3xx;
 Current input: 0
 Current format: unknown (0x4745504a)
tv.c: norm_from_string(pal): Bogus norm parameter, setting default.
v4l2: ioctl enum norm failed: Invalid argument
Error: Cannot set norm!
Selected input hasn't got a tuner!
v4l2: Cannot get fps
v4l2: ioctl set mute failed: Invalid argument
v4l2: ioctl query control failed: Invalid argument
v4l2: ioctl query control failed: Invalid argument
jpeg: Parsing suboptions.
jpeg: Progressive JPEG disabled.
jpeg: Baseline JPEG enabled.
jpeg: Suboptions parsed OK.
==========================================================================
Opening video decoder: [ffmpeg] FFmpeg's libavcodec codec family
Unsupported PixelFormat -1
Selected video codec: [ffmjpeg] vfm: ffmpeg (FFmpeg MJPEG)
==========================================================================
Audio: no sound
Starting playback...
VDec: vo config request - 320 x 240 (preferred colorspace: Planar 422P)
Could not find matching colorspace - retrying with -vf scale...
Opening video filter: [scale]
VDec: using Planar 422P as output csp (no 1)
Movie-Aspect is undefined - no prescaling applied.
[swscaler @ 0x8a887e0]No accelerated colorspace conversion found.
[swscaler @ 0x8a887e0]using unscaled yuv422p -> rgb24 special converter
VO: [jpeg] 320x240 => 320x240 RGB 24-bit  [zoom]
jpeg: . - Output directory already exists and is writable.


MPlayer interrupted by signal 2 in module: enable_cache


MPlayer interrupted by signal 2 in module: video_read_frame
v4l2: ioctl set mute failed: Invalid argument
v4l2: 91 frames successfully processed, 91 frames dropped.

Exiting... (Quit)
