This is pdfTeXk, Version 3.1415926-1.40.9 (Web2C 7.5.7) (format=mptopdf 2009.10.16)  8 FEB 2010 10:26
 %&-line parsing enabled.
**\relax 2pointtrans.1
 (./2pointtrans.1{/usr/local/texlive/2008/texmf-var/fonts/map/pdftex/updmap/pdf
tex.map}) [1] 
Here is how much of TeX's memory you used:
 79 strings out of 496761
 601 string characters out of 1202103
 4021110 words of memory out of 7006343
 1705 multiletter control sequences out of 10000+50000
 365 words of font info for 1 font, out of 3000000 for 5000
 0 hyphenation exceptions out of 8191
 10i,3n,7p,110b,278s stack positions out of 5000i,500n,10000p,200000b,50000s
{/usr/local/texlive/2008/texmf-dist/fonts/enc/dvips/lm/lm-mathit.e
nc}</usr/local/texlive/2008/texmf-dist/fonts/type1/public/lm/lmmi12.pfb>
Output written on 2pointtrans.pdf (1 page, 7353 bytes).
PDF statistics:
 13 PDF objects out of 1000 (max. 8388607)
 0 named destinations out of 1000 (max. 131072)
 7 words of extra memory for PDF output out of 10000 (max. 10000000)

